<?xml version="1.0" encoding="UTF-8"?>
<testsuite name="com.opus2.magnum.AcceptanceTestSuite" time="234.577" tests="81" errors="0" skipped="0" failures="0">
  <properties>
    <property name="java.runtime.name" value="Java(TM) SE Runtime Environment"/>
    <property name="sun.boot.library.path" value="C:\Program Files\Java\jdk1.8.0_91\jre\bin"/>
    <property name="java.vm.version" value="25.91-b14"/>
    <property name="java.vm.vendor" value="Oracle Corporation"/>
    <property name="maven.multiModuleProjectDirectory" value="C:\Users\misele\Documents\GitHub\serenity-bdd-functional-tests"/>
    <property name="java.vendor.url" value="http://java.oracle.com/"/>
    <property name="path.separator" value=";"/>
    <property name="guice.disable.misplaced.annotation.check" value="true"/>
    <property name="java.vm.name" value="Java HotSpot(TM) 64-Bit Server VM"/>
    <property name="file.encoding.pkg" value="sun.io"/>
    <property name="user.script" value=""/>
    <property name="user.country" value="GB"/>
    <property name="sun.java.launcher" value="SUN_STANDARD"/>
    <property name="sun.os.patch.level" value="Service Pack 1"/>
    <property name="java.vm.specification.name" value="Java Virtual Machine Specification"/>
    <property name="user.dir" value="C:\Users\misele\Documents\GitHub\serenity-bdd-functional-tests"/>
    <property name="java.runtime.version" value="1.8.0_91-b14"/>
    <property name="java.awt.graphicsenv" value="sun.awt.Win32GraphicsEnvironment"/>
    <property name="java.endorsed.dirs" value="C:\Program Files\Java\jdk1.8.0_91\jre\lib\endorsed"/>
    <property name="os.arch" value="amd64"/>
    <property name="java.io.tmpdir" value="C:\Users\misele\AppData\Local\Temp\"/>
    <property name="line.separator" value="&#10;"/>
    <property name="java.vm.specification.vendor" value="Oracle Corporation"/>
    <property name="user.variant" value=""/>
    <property name="os.name" value="Windows 7"/>
    <property name="classworlds.conf" value="C:\Users\misele\apache-maven-3.3.9\bin\..\bin\m2.conf"/>
    <property name="sun.jnu.encoding" value="Cp1252"/>
    <property name="java.library.path" value="C:\Program Files\Java\jdk1.8.0_91\jre\bin;C:\Windows\Sun\Java\bin;C:\Windows\system32;C:\Windows;%SystemRoot%\system32\WindowsPowerShell\v1.0\;C:\ProgramData\Oracle\Java\javapath;C:\Program Files (x86)\Intel\iCLS Client\;C:\Program Files\Intel\iCLS Client\;C:\Windows\system32;C:\Windows;C:\Windows\System32\Wbem;C:\Windows\System32\WindowsPowerShell\v1.0\;C:\Program Files\Intel\Intel(R) Management Engine Components\DAL;C:\Program Files (x86)\Intel\Intel(R) Management Engine Components\DAL;C:\Program Files\Intel\Intel(R) Management Engine Components\IPT;C:\Program Files (x86)\Intel\Intel(R) Management Engine Components\IPT;C:\Program Files\Intel\WiFi\bin\;C:\Program Files\Common Files\Intel\WirelessCommon\;C:\Program Files (x86)\Common Files\Lenovo;C:\Program Files (x86)\Common Files\lenovo\easyplussdk\bin;C:\ProgramData\Lenovo\ReadyApps;C:\Program Files\nodejs\;C:\Windows\system32\config\systemprofile\.dnx\bin;C:\Program Files\Microsoft DNX\Dnvm\;C:\Program Files\Microsoft SQL Server\130\Tools\Binn\;C:\Program Files\Java\jdk1.8.0_91\jre\bin;C:\Users\misele\apache-maven-3.3.9\bin;C:\Program Files\VisualSVN Server\bin;C:\Program Files\TortoiseSVN\bin;C:\apache-ant-1.9.7\bin;%AppData%\npm;C:\Users\misele\AppData\Roaming\npm;C:\Users\misele\AppData\Local\atom\bin;."/>
    <property name="java.specification.name" value="Java Platform API Specification"/>
    <property name="java.class.version" value="52.0"/>
    <property name="sun.management.compiler" value="HotSpot 64-Bit Tiered Compilers"/>
    <property name="os.version" value="6.1"/>
    <property name="user.home" value="C:\Users\misele"/>
    <property name="user.timezone" value="Europe/London"/>
    <property name="java.awt.printerjob" value="sun.awt.windows.WPrinterJob"/>
    <property name="java.specification.version" value="1.8"/>
    <property name="file.encoding" value="Cp1252"/>
    <property name="user.name" value="misele"/>
    <property name="java.class.path" value="C:\Users\misele\apache-maven-3.3.9\bin\..\boot\plexus-classworlds-2.5.2.jar"/>
    <property name="java.vm.specification.version" value="1.8"/>
    <property name="sun.arch.data.model" value="64"/>
    <property name="java.home" value="C:\Program Files\Java\jdk1.8.0_91\jre"/>
    <property name="sun.java.command" value="org.codehaus.plexus.classworlds.launcher.Launcher verify"/>
    <property name="java.specification.vendor" value="Oracle Corporation"/>
    <property name="user.language" value="en"/>
    <property name="awt.toolkit" value="sun.awt.windows.WToolkit"/>
    <property name="java.vm.info" value="mixed mode"/>
    <property name="java.version" value="1.8.0_91"/>
    <property name="java.ext.dirs" value="C:\Program Files\Java\jdk1.8.0_91\jre\lib\ext;C:\Windows\Sun\Java\lib\ext"/>
    <property name="sun.boot.class.path" value="C:\Program Files\Java\jdk1.8.0_91\jre\lib\resources.jar;C:\Program Files\Java\jdk1.8.0_91\jre\lib\rt.jar;C:\Program Files\Java\jdk1.8.0_91\jre\lib\sunrsasign.jar;C:\Program Files\Java\jdk1.8.0_91\jre\lib\jsse.jar;C:\Program Files\Java\jdk1.8.0_91\jre\lib\jce.jar;C:\Program Files\Java\jdk1.8.0_91\jre\lib\charsets.jar;C:\Program Files\Java\jdk1.8.0_91\jre\lib\jfr.jar;C:\Program Files\Java\jdk1.8.0_91\jre\classes"/>
    <property name="sun.stderr.encoding" value="cp850"/>
    <property name="java.vendor" value="Oracle Corporation"/>
    <property name="maven.home" value="C:\Users\misele\apache-maven-3.3.9\bin\.."/>
    <property name="file.separator" value="\"/>
    <property name="java.vendor.url.bug" value="http://bugreport.sun.com/bugreport/"/>
    <property name="sun.cpu.endian" value="little"/>
    <property name="sun.io.unicode.encoding" value="UnicodeLittle"/>
    <property name="sun.stdout.encoding" value="cp850"/>
    <property name="sun.desktop" value="windows"/>
    <property name="sun.cpu.isalist" value="amd64"/>
  </properties>
  <testcase name="BeforeStories" classname="java.lang.Object" time="0.134"/>
  <testcase name="Scenario: " classname="Scenario: " time="0.084"/>
  <testcase name="VariableExamples.story" classname="VariableExamples.story" time="0.261"/>
  <testcase name="CreatingNewEntryList.story" classname="CreatingNewEntryList.story" time="40.086"/>
  <testcase name="CreatingNewEntryList.story" classname="CreatingNewEntryList.story" time="1.324"/>
  <testcase name="Given user is present on Documents page" classname="com.opus2.steps.MagnumAdminSteps" time="1.014"/>
  <testcase name="When user click the Chronology tab" classname="com.opus2.steps.MagnumAdminSteps" time="2.504"/>
  <testcase name="Then user is present on Chronology page" classname="com.opus2.steps.MagnumAdminSteps" time="1.011"/>
  <testcase name="Scenario: Naviagte To Chronology Page" classname="Scenario: Naviagte To Chronology Page" time="1.204"/>
  <testcase name="Given user is present on Chronology page" classname="com.opus2.steps.MagnumAdminSteps" time="1.023"/>
  <testcase name="When user click on New Entry button" classname="com.opus2.steps.ChronologySteps" time="0.088"/>
  <testcase name="Then a new chronology entry is created" classname="com.opus2.steps.ChronologySteps" time="1.003"/>
  <testcase name="Scenario: Creating New Entry List" classname="Scenario: Creating New Entry List" time="1.207"/>
  <testcase name="OpenFilterDialog.story" classname="OpenFilterDialog.story" time="27.151"/>
  <testcase name="OpenFilterDialog.story" classname="OpenFilterDialog.story" time="1.337"/>
  <testcase name="Given user is present on Documents page​" classname="com.opus2.steps.MagnumAdminSteps" time="1.007"/>
  <testcase name="When user click the Chronology tab​" classname="com.opus2.steps.MagnumAdminSteps" time="1.829"/>
  <testcase name="Then user is present on Chronology page​" classname="com.opus2.steps.MagnumAdminSteps" time="1.001"/>
  <testcase name="Scenario: Naviagte To Chronology Page​" classname="Scenario: Naviagte To Chronology Page​" time="1.211"/>
  <testcase name="Given user is present on Chronology page​" classname="com.opus2.steps.MagnumAdminSteps" time="0.998"/>
  <testcase name="When user click the Filter button" classname="com.opus2.steps.ChronologySteps" time="0.068"/>
  <testcase name="Then the Filter Dialog is display" classname="com.opus2.steps.ChronologySteps" time="1.003"/>
  <testcase name="Scenario: Open Filter Dialog" classname="Scenario: Open Filter Dialog" time="1.212"/>
  <testcase name="Given user is present on Magnum loginpage" classname="com.opus2.steps.LoginSteps" time="4.999"/>
  <testcase name="When user enter username and password" classname="com.opus2.steps.LoginSteps" time="0.259"/>
  <testcase name="And click the login button" classname="com.opus2.steps.LoginSteps" time="0.06"/>
  <testcase name="Then user should see the second stage of login" classname="com.opus2.steps.LoginSteps" time="2.001"/>
  <testcase name="Scenario: User Login Stage One" classname="Scenario: User Login Stage One" time="2.613"/>
  <testcase name="Given user is present on Memorable Word page" classname="com.opus2.steps.MagnumAdminSteps" time="1.007"/>
  <testcase name="And check session status" classname="com.opus2.steps.LoginSteps" time="1.955"/>
  <testcase name="When the user enter first memorable character" classname="com.opus2.steps.LoginSteps" time="0.188"/>
  <testcase name="And second memorable character" classname="com.opus2.steps.LoginSteps" time="0.16"/>
  <testcase name="And third memorable character" classname="com.opus2.steps.LoginSteps" time="0.13"/>
  <testcase name="And click login button" classname="com.opus2.steps.LoginSteps" time="2.699"/>
  <testcase name="Then user should be on the homepage" classname="com.opus2.steps.LoginSteps" time="0.5"/>
  <testcase name="Scenario: User Login Stage Two" classname="Scenario: User Login Stage Two" time="0.718"/>
  <testcase name="Given the user is on homepage" classname="com.opus2.steps.MagnumAdminSteps" time="0.507"/>
  <testcase name="When user select &apos;TAF&apos; workspace" classname="com.opus2.steps.MagnumAdminSteps" time="3.351"/>
  <testcase name="Then user should be on the Documents page" classname="com.opus2.steps.MagnumAdminSteps" time="1.009"/>
  <testcase name="Scenario: Select Workspace" classname="Scenario: Select Workspace" time="1.224"/>
  <testcase name="LogInToMagnum.story" classname="LogInToMagnum.story" time="1.228"/>
  <testcase name="When user clicks on New Folder button" classname="com.opus2.steps.MagnumAdminSteps" time="27.513"/>
  <testcase name="And enters &lt;folder_name&gt;" classname="com.opus2.steps.MagnumAdminSteps" time="0.074"/>
  <testcase name="And click Create Folder button" classname="com.opus2.steps.MagnumAdminSteps" time="0.623"/>
  <testcase name="Then created folder should be visible on workspace" classname="com.opus2.steps.MagnumAdminSteps" time="0.069"/>
  <testcase name="Then created folder should be visible on workspace" classname="com.opus2.steps.MagnumAdminSteps" time="5.004"/>
  <testcase name="Scenario: Verify Creating New Folder" classname="Scenario: Verify Creating New Folder" time="5.189"/>
  <testcase name="CreatNewFolder.story" classname="CreatNewFolder.story" time="5.302"/>
  <testcase name="CreatingNewRole.story" classname="CreatingNewRole.story" time="26.632"/>
  <testcase name="CreatingNewRole.story" classname="CreatingNewRole.story" time="2.22"/>
  <testcase name="Given user is present on Documents page​​" classname="com.opus2.steps.MagnumAdminSteps" time="1.003"/>
  <testcase name="When user click the Admin tab" classname="com.opus2.steps.MagnumAdminSteps" time="2.473"/>
  <testcase name="Then user is present on Admin page" classname="com.opus2.steps.MagnumAdminSteps" time="0.997"/>
  <testcase name="Scenario: Naviagte To Admin Page" classname="Scenario: Naviagte To Admin Page" time="1.231"/>
  <testcase name="Given user is present on Admin page" classname="com.opus2.steps.MagnumAdminSteps" time="1.007"/>
  <testcase name="When user click on link sidemenu" classname="com.opus2.steps.CapabilitiesSteps" time="0.689"/>
  <testcase name="And click on New Role button" classname="com.opus2.steps.CapabilitiesSteps" time="0.65"/>
  <testcase name="And enter Role&apos;s RL" classname="com.opus2.steps.CapabilitiesSteps" time="1.186"/>
  <testcase name="And set General capabilities" classname="com.opus2.steps.CapabilitiesSteps" time="0.743"/>
  <testcase name="And set Documents capabilities" classname="com.opus2.steps.CapabilitiesSteps" time="0.126"/>
  <testcase name="And set Transcripts capabilities" classname="com.opus2.steps.CapabilitiesSteps" time="0.189"/>
  <testcase name="And set Chronology capabilities" classname="com.opus2.steps.CapabilitiesSteps" time="0.213"/>
  <testcase name="And set Exporting capabilities" classname="com.opus2.steps.CapabilitiesSteps" time="0.214"/>
  <testcase name="And save changes" classname="com.opus2.steps.CapabilitiesSteps" time="1.42"/>
  <testcase name="Then new Role is created with ability to choose its capabilities" classname="com.opus2.steps.CapabilitiesSteps" time="2.002"/>
  <testcase name="Scenario: Verify Creating New Role" classname="Scenario: Verify Creating New Role" time="2.215"/>
  <testcase name="FilteringEntriesWithoutDescription.story" classname="FilteringEntriesWithoutDescription.story" time="27.498"/>
  <testcase name="FilteringEntriesWithoutDescription.story" classname="FilteringEntriesWithoutDescription.story" time="3.193"/>
  <testcase name="Given user is present on Documents page​​​" classname="com.opus2.steps.MagnumAdminSteps" time="1.005"/>
  <testcase name="When user click the Chronology tab​​" classname="com.opus2.steps.MagnumAdminSteps" time="1.813"/>
  <testcase name="Then user is present on Chronology page​​" classname="com.opus2.steps.MagnumAdminSteps" time="1.001"/>
  <testcase name="Scenario: Naviagte To Chronology Page​​" classname="Scenario: Naviagte To Chronology Page​​" time="1.202"/>
  <testcase name="Given user is present on Chronology page​​" classname="com.opus2.steps.MagnumAdminSteps" time="1.002"/>
  <testcase name="When user click the Filter button​" classname="com.opus2.steps.ChronologySteps" time="0.064"/>
  <testcase name="Then the Filter Dialog is display​" classname="com.opus2.steps.ChronologySteps" time="1.001"/>
  <testcase name="Scenario: Open Filter Dialog​" classname="Scenario: Open Filter Dialog​" time="1.232"/>
  <testcase name="Given the filter dialog is visible" classname="com.opus2.steps.ChronologySteps" time="1.005"/>
  <testcase name="When user click &apos;Item without description&apos; checkbox" classname="com.opus2.steps.ChronologySteps" time="0.069"/>
  <testcase name="Then only entries without description are display" classname="com.opus2.steps.ChronologySteps" time="3.004"/>
  <testcase name="Scenario: Verify Filtering Entries Without Description" classname="Scenario: Verify Filtering Entries Without Description" time="3.188"/>
  <testcase name="AfterStories" classname="java.lang.Object" time="0.026"/>
</testsuite>