<?xml version="1.0" encoding="UTF-8"?>
<testsuite name="com.opus2.magnum.AcceptanceTestSuite" time="80.022" tests="26" errors="0" skipped="0" failures="0">
  <properties>
    <property name="java.runtime.name" value="Java(TM) SE Runtime Environment"/>
    <property name="sun.boot.library.path" value="C:\Program Files\Java\jdk1.8.0_91\jre\bin"/>
    <property name="java.vm.version" value="25.91-b14"/>
    <property name="java.vm.vendor" value="Oracle Corporation"/>
    <property name="maven.multiModuleProjectDirectory" value="C:\Users\misele\Documents\GitHub\serenity-bdd-functional-tests"/>
    <property name="java.vendor.url" value="http://java.oracle.com/"/>
    <property name="path.separator" value=";"/>
    <property name="guice.disable.misplaced.annotation.check" value="true"/>
    <property name="java.vm.name" value="Java HotSpot(TM) 64-Bit Server VM"/>
    <property name="file.encoding.pkg" value="sun.io"/>
    <property name="user.script" value=""/>
    <property name="user.country" value="GB"/>
    <property name="sun.java.launcher" value="SUN_STANDARD"/>
    <property name="sun.os.patch.level" value="Service Pack 1"/>
    <property name="java.vm.specification.name" value="Java Virtual Machine Specification"/>
    <property name="user.dir" value="C:\Users\misele\Documents\GitHub\serenity-bdd-functional-tests"/>
    <property name="java.runtime.version" value="1.8.0_91-b14"/>
    <property name="java.awt.graphicsenv" value="sun.awt.Win32GraphicsEnvironment"/>
    <property name="java.endorsed.dirs" value="C:\Program Files\Java\jdk1.8.0_91\jre\lib\endorsed"/>
    <property name="os.arch" value="amd64"/>
    <property name="java.io.tmpdir" value="C:\Users\misele\AppData\Local\Temp\"/>
    <property name="line.separator" value="&#10;"/>
    <property name="java.vm.specification.vendor" value="Oracle Corporation"/>
    <property name="user.variant" value=""/>
    <property name="os.name" value="Windows 7"/>
    <property name="classworlds.conf" value="C:\Users\misele\apache-maven-3.3.9\bin\..\bin\m2.conf"/>
    <property name="sun.jnu.encoding" value="Cp1252"/>
    <property name="java.library.path" value="C:\Program Files\Java\jdk1.8.0_91\jre\bin;C:\Windows\Sun\Java\bin;C:\Windows\system32;C:\Windows;%SystemRoot%\system32\WindowsPowerShell\v1.0\;C:\ProgramData\Oracle\Java\javapath;C:\Program Files (x86)\Intel\iCLS Client\;C:\Program Files\Intel\iCLS Client\;C:\Windows\system32;C:\Windows;C:\Windows\System32\Wbem;C:\Windows\System32\WindowsPowerShell\v1.0\;C:\Program Files\Intel\Intel(R) Management Engine Components\DAL;C:\Program Files (x86)\Intel\Intel(R) Management Engine Components\DAL;C:\Program Files\Intel\Intel(R) Management Engine Components\IPT;C:\Program Files (x86)\Intel\Intel(R) Management Engine Components\IPT;C:\Program Files\Intel\WiFi\bin\;C:\Program Files\Common Files\Intel\WirelessCommon\;C:\Program Files (x86)\Common Files\Lenovo;C:\Program Files (x86)\Common Files\lenovo\easyplussdk\bin;C:\ProgramData\Lenovo\ReadyApps;C:\Program Files\nodejs\;C:\Windows\system32\config\systemprofile\.dnx\bin;C:\Program Files\Microsoft DNX\Dnvm\;C:\Program Files\Microsoft SQL Server\130\Tools\Binn\;C:\Program Files\Java\jdk1.8.0_91\jre\bin;C:\Users\misele\apache-maven-3.3.9\bin;C:\Program Files\VisualSVN Server\bin;C:\Program Files\TortoiseSVN\bin;C:\apache-ant-1.9.7\bin;%AppData%\npm;C:\Users\misele\AppData\Roaming\npm;C:\Users\misele\AppData\Local\atom\bin;."/>
    <property name="java.specification.name" value="Java Platform API Specification"/>
    <property name="java.class.version" value="52.0"/>
    <property name="sun.management.compiler" value="HotSpot 64-Bit Tiered Compilers"/>
    <property name="os.version" value="6.1"/>
    <property name="user.home" value="C:\Users\misele"/>
    <property name="user.timezone" value="Europe/London"/>
    <property name="java.awt.printerjob" value="sun.awt.windows.WPrinterJob"/>
    <property name="java.specification.version" value="1.8"/>
    <property name="file.encoding" value="Cp1252"/>
    <property name="user.name" value="misele"/>
    <property name="java.class.path" value="C:\Users\misele\apache-maven-3.3.9\bin\..\boot\plexus-classworlds-2.5.2.jar"/>
    <property name="java.vm.specification.version" value="1.8"/>
    <property name="sun.arch.data.model" value="64"/>
    <property name="java.home" value="C:\Program Files\Java\jdk1.8.0_91\jre"/>
    <property name="sun.java.command" value="org.codehaus.plexus.classworlds.launcher.Launcher verify"/>
    <property name="java.specification.vendor" value="Oracle Corporation"/>
    <property name="user.language" value="en"/>
    <property name="awt.toolkit" value="sun.awt.windows.WToolkit"/>
    <property name="java.vm.info" value="mixed mode"/>
    <property name="java.version" value="1.8.0_91"/>
    <property name="java.ext.dirs" value="C:\Program Files\Java\jdk1.8.0_91\jre\lib\ext;C:\Windows\Sun\Java\lib\ext"/>
    <property name="sun.boot.class.path" value="C:\Program Files\Java\jdk1.8.0_91\jre\lib\resources.jar;C:\Program Files\Java\jdk1.8.0_91\jre\lib\rt.jar;C:\Program Files\Java\jdk1.8.0_91\jre\lib\sunrsasign.jar;C:\Program Files\Java\jdk1.8.0_91\jre\lib\jsse.jar;C:\Program Files\Java\jdk1.8.0_91\jre\lib\jce.jar;C:\Program Files\Java\jdk1.8.0_91\jre\lib\charsets.jar;C:\Program Files\Java\jdk1.8.0_91\jre\lib\jfr.jar;C:\Program Files\Java\jdk1.8.0_91\jre\classes"/>
    <property name="sun.stderr.encoding" value="cp850"/>
    <property name="java.vendor" value="Oracle Corporation"/>
    <property name="maven.home" value="C:\Users\misele\apache-maven-3.3.9\bin\.."/>
    <property name="file.separator" value="\"/>
    <property name="java.vendor.url.bug" value="http://bugreport.sun.com/bugreport/"/>
    <property name="sun.cpu.endian" value="little"/>
    <property name="sun.io.unicode.encoding" value="UnicodeLittle"/>
    <property name="sun.stdout.encoding" value="cp850"/>
    <property name="sun.desktop" value="windows"/>
    <property name="sun.cpu.isalist" value="amd64"/>
  </properties>
  <testcase name="BeforeStories" classname="java.lang.Object" time="0.263"/>
  <testcase name="Given user is present on Magnum loginpage" classname="com.opus2.steps.LoginSteps" time="7.508"/>
  <testcase name="When user enter username and password" classname="com.opus2.steps.LoginSteps" time="0.746"/>
  <testcase name="And click the login button" classname="com.opus2.steps.LoginSteps" time="0.287"/>
  <testcase name="Then user should see the second stage of login" classname="com.opus2.steps.LoginSteps" time="2.002"/>
  <testcase name="Scenario: User Login Stage Another" classname="Scenario: User Login Stage Another" time="2.752"/>
  <testcase name="Given user is present on Memorable Word page" classname="com.opus2.steps.LoginSteps" time="2.641"/>
  <testcase name="When the user enter first memorable character" classname="com.opus2.steps.LoginSteps" time="0.813"/>
  <testcase name="And second memorable character" classname="com.opus2.steps.LoginSteps" time="0.492"/>
  <testcase name="And third memorable character" classname="com.opus2.steps.LoginSteps" time="0.868"/>
  <testcase name="And click login button" classname="com.opus2.steps.LoginSteps" time="3.631"/>
  <testcase name="Then user should be on the homepage" classname="com.opus2.steps.LoginSteps" time="0.498"/>
  <testcase name="Scenario: User Login Stage Two" classname="Scenario: User Login Stage Two" time="0.846"/>
  <testcase name="Given the user is on homepage" classname="com.opus2.steps.MagnumAdminSteps" time="0.529"/>
  <testcase name="When user select &apos;TAF&apos; workspace" classname="com.opus2.steps.MagnumAdminSteps" time="4.124"/>
  <testcase name="Then user should be on the Documents page" classname="com.opus2.steps.MagnumAdminSteps" time="1.002"/>
  <testcase name="Scenario: Select Workspace" classname="Scenario: Select Workspace" time="1.203"/>
  <testcase name="UserLogin.story" classname="UserLogin.story" time="1.346"/>
  <testcase name="When user clicks on New Folder button" classname="com.opus2.steps.MagnumAdminSteps" time="37.156"/>
  <testcase name="And enters &lt;folder_name&gt;" classname="com.opus2.steps.MagnumAdminSteps" time="0.083"/>
  <testcase name="And click Create Folder button" classname="com.opus2.steps.MagnumAdminSteps" time="0.616"/>
  <testcase name="Then created folder should be visible on workspace" classname="com.opus2.steps.MagnumAdminSteps" time="0.079"/>
  <testcase name="Then created folder should be visible on workspace" classname="com.opus2.steps.MagnumAdminSteps" time="5.006"/>
  <testcase name="Scenario: Verify Creating New Folder" classname="Scenario: Verify Creating New Folder" time="5.209"/>
  <testcase name="CreatNewFolder.story" classname="CreatNewFolder.story" time="5.325"/>
  <testcase name="AfterStories" classname="java.lang.Object" time="0.003"/>
</testsuite>